<?xml version="1.0" encoding="UTF-8"?>
<testsuite name="com.bridgelabz.NodeTest" tests="1" skipped="0" failures="0" errors="0" timestamp="2021-06-06T15:07:38" hostname="aswin-laptop" time="0.001">
  <properties/>
  <testcase name="given3Node_shouldAddAtNextOfEachNode" classname="com.bridgelabz.NodeTest" time="0.001"/>
  <system-out><![CDATA[]]></system-out>
  <system-err><![CDATA[]]></system-err>
</testsuite>
