<?xml version="1.0" encoding="UTF-8"?>
<testsuite name="com.bridgelabz.LinkedListTest" tests="10" skipped="0" failures="0" errors="0" timestamp="2021-06-10T07:57:04" hostname="aswin-laptop" time="0.019">
  <properties/>
  <testcase name="givenValue_ShouldDeleteFromTheList" classname="com.bridgelabz.LinkedListTest" time="0.005"/>
  <testcase name="givenValue_ShouldAddInTheList" classname="com.bridgelabz.LinkedListTest" time="0.001"/>
  <testcase name="givenValue_ShouldSearchInTheList" classname="com.bridgelabz.LinkedListTest" time="0.001"/>
  <testcase name="givenValue_ShouldAddAtFirst" classname="com.bridgelabz.LinkedListTest" time="0.001"/>
  <testcase name="givenValue_ShouldAddInLinkedList" classname="com.bridgelabz.LinkedListTest" time="0.001"/>
  <testcase name="givenLastValue_ShouldPopElement" classname="com.bridgelabz.LinkedListTest" time="0.001"/>
  <testcase name="givenValue_ShouldPopElement" classname="com.bridgelabz.LinkedListTest" time="0.001"/>
  <testcase name="create_AscendingOrder_LinkedList" classname="com.bridgelabz.LinkedListTest" time="0.001"/>
  <testcase name="givenValues_ShouldAddInOrder" classname="com.bridgelabz.LinkedListTest" time="0.001"/>
  <testcase name="givenValue_ShouldAddAtMiddle" classname="com.bridgelabz.LinkedListTest" time="0.003"/>
  <system-out><![CDATA[56
30
40
70
--------After inserting--------
56
30
40
70
--------After inserting--------
56
30
70
--------After search--------
56
30
70
----given value at first-------
56
36
70
----values added in linked list-------
56
36
--------After pop--------
36
70
--------After pop--------
30
40
56
70
--------In ascending order--------
56
30
70
----vales added in order-------
56
30
70
----given value at middle-------
]]></system-out>
  <system-err><![CDATA[]]></system-err>
</testsuite>
