<?xml version="1.0" encoding="UTF-8"?>
<testsuite name="com.bridgelabz.LinkedListTest" tests="1" skipped="0" failures="0" errors="0" timestamp="2021-06-04T15:11:59" hostname="aswin-laptop" time="0.01">
  <properties/>
  <testcase name="givenValueShouldAddInLinkedList" classname="com.bridgelabz.LinkedListTest" time="0.01"/>
  <system-out><![CDATA[]]></system-out>
  <system-err><![CDATA[]]></system-err>
</testsuite>
